Using pre-set license
Built from '2020.3/staging' branch; Version is '2020.3.18f1 (a7d1c678663c) revision 10998214'; Using compiler version '192528614'; Build Type 'Release'
OS: 'Windows 10 Home; OS build 22621.1413; Version 2009; 64bit' Language: 'ja' Physical Memory: 16222 MB
BatchMode: 1, IsHumanControllingUs: 0, StartBugReporterOnCrash: 0, Is64bit: 1, IsPro: 0

COMMAND LINE ARGUMENTS:
C:\Program Files\Unity\Hub\Editor\2020.3.18f1\Editor\Unity.exe
-adb2
-batchMode
-noUpm
-name
AssetImportWorker0
-projectPath
C:/Users/keshi/Desktop/SteamArea_1
-logFile
Logs/AssetImportWorker0.log
-srvPort
55672
Successfully changed project path to: C:/Users/keshi/Desktop/SteamArea_1
C:/Users/keshi/Desktop/SteamArea_1
Using Asset Import Pipeline V2.
Refreshing native plugins compatible for Editor in 39.71 ms, found 2 plugins.
Preloading 0 native plugins for Editor in 0.00 ms.
Initialize engine version: 2020.3.18f1 (a7d1c678663c)
[Subsystems] Discovering subsystems at path C:/Program Files/Unity/Hub/Editor/2020.3.18f1/Editor/Data/Resources/UnitySubsystems
[Subsystems] Discovering subsystems at path C:/Users/keshi/Desktop/SteamArea_1/Assets
GfxDevice: creating device client; threaded=0
Direct3D:
    Version:  Direct3D 11.0 [level 11.1]
    Renderer: NVIDIA GeForce GTX 1650 (ID=0x1f91)
    Vendor:   
    VRAM:     3962 MB
    Driver:   27.21.14.6275
Initialize mono
Mono path[0] = 'C:/Program Files/Unity/Hub/Editor/2020.3.18f1/Editor/Data/Managed'
Mono path[1] = 'C:/Program Files/Unity/Hub/Editor/2020.3.18f1/Editor/Data/MonoBleedingEdge/lib/mono/unityjit'
Mono config path = 'C:/Program Files/Unity/Hub/Editor/2020.3.18f1/Editor/Data/MonoBleedingEdge/etc'
Using monoOptions --debugger-agent=transport=dt_socket,embedding=1,server=y,suspend=n,address=127.0.0.1:56880
Begin MonoManager ReloadAssembly
Registering precompiled unity dll's ...
Register platform support module: C:/Program Files/Unity/Hub/Editor/2020.3.18f1/Editor/Data/PlaybackEngines/WindowsStandaloneSupport/UnityEditor.WindowsStandalone.Extensions.dll
Registered in 0.002765 seconds.
Native extension for WindowsStandalone target not found
Refreshing native plugins compatible for Editor in 52.88 ms, found 2 plugins.
Preloading 0 native plugins for Editor in 0.00 ms.
Mono: successfully reloaded assembly
- Completed reload, in  1.474 seconds
Domain Reload Profiling:
	ReloadAssembly (1474ms)
		BeginReloadAssembly (93ms)
			ExecutionOrderSort (0ms)
			DisableScriptedObjects (0ms)
			BackupInstance (0ms)
			ReleaseScriptingObjects (0ms)
			CreateAndSetChildDomain (1ms)
		EndReloadAssembly (565ms)
			LoadAssemblies (92ms)
			RebuildTransferFunctionScriptingTraits (0ms)
			SetupTypeCache (190ms)
			ReleaseScriptCaches (0ms)
			RebuildScriptCaches (48ms)
			SetupLoadedEditorAssemblies (227ms)
				LogAssemblyErrors (0ms)
				InitializePlatformSupportModulesInManaged (5ms)
				SetLoadedEditorAssemblies (0ms)
				RefreshPlugins (53ms)
				BeforeProcessingInitializeOnLoad (24ms)
				ProcessInitializeOnLoadAttributes (109ms)
				ProcessInitializeOnLoadMethodAttributes (36ms)
				AfterProcessingInitializeOnLoad (0ms)
				EditorAssembliesLoaded (0ms)
			ExecutionOrderSort2 (0ms)
			AwakeInstancesAfterBackupRestoration (0ms)
Platform modules already initialized, skipping
Registering precompiled user dll's ...
Registered in 0.006656 seconds.
Begin MonoManager ReloadAssembly
Native extension for WindowsStandalone target not found
Refreshing native plugins compatible for Editor in 0.34 ms, found 2 plugins.
Preloading 0 native plugins for Editor in 0.00 ms.
Mono: successfully reloaded assembly
- Completed reload, in  1.457 seconds
Domain Reload Profiling:
	ReloadAssembly (1458ms)
		BeginReloadAssembly (271ms)
			ExecutionOrderSort (0ms)
			DisableScriptedObjects (8ms)
			BackupInstance (0ms)
			ReleaseScriptingObjects (0ms)
			CreateAndSetChildDomain (24ms)
		EndReloadAssembly (1084ms)
			LoadAssemblies (160ms)
			RebuildTransferFunctionScriptingTraits (0ms)
			SetupTypeCache (368ms)
			ReleaseScriptCaches (0ms)
			RebuildScriptCaches (62ms)
			SetupLoadedEditorAssemblies (417ms)
				LogAssemblyErrors (0ms)
				InitializePlatformSupportModulesInManaged (7ms)
				SetLoadedEditorAssemblies (1ms)
				RefreshPlugins (0ms)
				BeforeProcessingInitializeOnLoad (98ms)
				ProcessInitializeOnLoadAttributes (298ms)
				ProcessInitializeOnLoadMethodAttributes (6ms)
				AfterProcessingInitializeOnLoad (7ms)
				EditorAssembliesLoaded (0ms)
			ExecutionOrderSort2 (0ms)
			AwakeInstancesAfterBackupRestoration (9ms)
Platform modules already initialized, skipping
========================================================================
Worker process is ready to serve import requests
Launched and connected shader compiler UnityShaderCompiler.exe after 0.08 seconds
Refreshing native plugins compatible for Editor in 0.35 ms, found 2 plugins.
Preloading 0 native plugins for Editor in 0.00 ms.
Unloading 1396 Unused Serialized files (Serialized files now loaded: 0)
System memory in use before: 67.5 MB.
System memory in use after: 67.6 MB.

Unloading 16 unused Assets to reduce memory usage. Loaded Objects now: 1831.
Total: 3.632300 ms (FindLiveObjects: 0.169000 ms CreateObjectMapping: 0.052200 ms MarkObjects: 3.336900 ms  DeleteObjects: 0.072800 ms)

AssetImportParameters requested are different than current active one (requested -> active):
  custom:framework-win-MediaFoundation: 216162199b28c13a410421893ffa2e32 -> 
  custom:video-decoder-ogg-theora: a1e56fd34408186e4bbccfd4996cb3dc -> 
  custom:container-muxer-webm: aa71ff27fc2769a1b78a27578f13a17b -> 
  custom:container-demuxer-webm: 4f35f7cbe854078d1ac9338744f61a02 -> 
  custom:container-demuxer-ogg: 62fdf1f143b41e24485cea50d1cbac27 -> 
  custom:video-encoder-webm-vp8: eb34c28f22e8b96e1ab97ce403110664 -> 
  custom:video-decoder-webm-vp8: 9c59270c3fd7afecdb556c50c9e8de78 -> 
  custom:audio-decoder-ogg-vorbis: bf7c407c2cedff20999df2af8eb42d56 -> 
  custom:audio-encoder-webm-vorbis: bf7c407c2cedff20999df2af8eb42d56 -> 
========================================================================
Received Prepare
Registering precompiled user dll's ...
Registered in 0.010034 seconds.
Begin MonoManager ReloadAssembly
Native extension for WindowsStandalone target not found
Refreshing native plugins compatible for Editor in 0.40 ms, found 3 plugins.
Preloading 0 native plugins for Editor in 0.00 ms.
Mono: successfully reloaded assembly
- Completed reload, in  1.290 seconds
Domain Reload Profiling:
	ReloadAssembly (1290ms)
		BeginReloadAssembly (180ms)
			ExecutionOrderSort (0ms)
			DisableScriptedObjects (8ms)
			BackupInstance (0ms)
			ReleaseScriptingObjects (0ms)
			CreateAndSetChildDomain (43ms)
		EndReloadAssembly (1031ms)
			LoadAssemblies (148ms)
			RebuildTransferFunctionScriptingTraits (0ms)
			SetupTypeCache (343ms)
			ReleaseScriptCaches (1ms)
			RebuildScriptCaches (62ms)
			SetupLoadedEditorAssemblies (376ms)
				LogAssemblyErrors (0ms)
				InitializePlatformSupportModulesInManaged (7ms)
				SetLoadedEditorAssemblies (1ms)
				RefreshPlugins (0ms)
				BeforeProcessingInitializeOnLoad (99ms)
				ProcessInitializeOnLoadAttributes (259ms)
				ProcessInitializeOnLoadMethodAttributes (5ms)
				AfterProcessingInitializeOnLoad (5ms)
				EditorAssembliesLoaded (0ms)
			ExecutionOrderSort2 (0ms)
			AwakeInstancesAfterBackupRestoration (8ms)
Platform modules already initialized, skipping
Refreshing native plugins compatible for Editor in 0.80 ms, found 3 plugins.
Preloading 0 native plugins for Editor in 0.00 ms.
Unloading 1454 Unused Serialized files (Serialized files now loaded: 0)
System memory in use before: 69.9 MB.
System memory in use after: 70.0 MB.

Unloading 14 unused Assets to reduce memory usage. Loaded Objects now: 1894.
Total: 4.587800 ms (FindLiveObjects: 0.203600 ms CreateObjectMapping: 0.069600 ms MarkObjects: 4.277300 ms  DeleteObjects: 0.035500 ms)

AssetImportParameters requested are different than current active one (requested -> active):
  custom:framework-win-MediaFoundation: 216162199b28c13a410421893ffa2e32 -> 
  custom:video-decoder-ogg-theora: a1e56fd34408186e4bbccfd4996cb3dc -> 
  custom:container-muxer-webm: aa71ff27fc2769a1b78a27578f13a17b -> 
  custom:container-demuxer-webm: 4f35f7cbe854078d1ac9338744f61a02 -> 
  custom:container-demuxer-ogg: 62fdf1f143b41e24485cea50d1cbac27 -> 
  custom:video-encoder-webm-vp8: eb34c28f22e8b96e1ab97ce403110664 -> 
  custom:video-decoder-webm-vp8: 9c59270c3fd7afecdb556c50c9e8de78 -> 
  custom:audio-decoder-ogg-vorbis: bf7c407c2cedff20999df2af8eb42d56 -> 
  custom:audio-encoder-webm-vorbis: bf7c407c2cedff20999df2af8eb42d56 -> 
========================================================================
Received Import Request.
  path: Assets/Platform_Model.fbx
  artifactKey: Guid(c5fe4f0010861cf48818cfec7ea38121) Importer(815301076,1909f56bfc062723c751e8b465ee728b)
Start importing Assets/Platform_Model.fbx using Guid(c5fe4f0010861cf48818cfec7ea38121) Importer(815301076,1909f56bfc062723c751e8b465ee728b)  -> (artifact id: '0a44b3ae9cf491402ab924edf9d97506') in 0.836067 seconds 
  Import took 0.839280 seconds .

========================================================================
Received Import Request.
  Time since last request: 0.000448 seconds.
  path: Assets/PlayerMaterial.mat
  artifactKey: Guid(6fa584aa48fe4c940a55156793ae0384) Importer(815301076,1909f56bfc062723c751e8b465ee728b)
Start importing Assets/PlayerMaterial.mat using Guid(6fa584aa48fe4c940a55156793ae0384) Importer(815301076,1909f56bfc062723c751e8b465ee728b)  -> (artifact id: '8de6966ef36c18af1b27f0f79d2d87a6') in 0.037929 seconds 
  Import took 0.040677 seconds .

========================================================================
Received Import Request.
  Time since last request: 9.006241 seconds.
  path: Assets/Scenes
  artifactKey: Guid(3b18cd110ee653046906007bc996ada5) Importer(815301076,1909f56bfc062723c751e8b465ee728b)
Start importing Assets/Scenes using Guid(3b18cd110ee653046906007bc996ada5) Importer(815301076,1909f56bfc062723c751e8b465ee728b)  -> (artifact id: 'e578f70617eb182ac85861a39f924632') in 0.009623 seconds 
  Import took 0.013124 seconds .

========================================================================
Received Import Request.
  Time since last request: 0.014174 seconds.
  path: Assets/Scenes
  artifactKey: Guid(3b18cd110ee653046906007bc996ada5) Importer(815301076,1909f56bfc062723c751e8b465ee728b)
Start importing Assets/Scenes using Guid(3b18cd110ee653046906007bc996ada5) Importer(815301076,1909f56bfc062723c751e8b465ee728b)  -> (artifact id: 'e578f70617eb182ac85861a39f924632') in 0.006524 seconds 
  Import took 0.009405 seconds .

========================================================================
Received Import Request.
  Time since last request: 2.217495 seconds.
  path: Assets/Scenes/Title.unity
  artifactKey: Guid(294e340f5d0abcf4eaab9814c927b5a3) Importer(815301076,1909f56bfc062723c751e8b465ee728b)
Start importing Assets/Scenes/Title.unity using Guid(294e340f5d0abcf4eaab9814c927b5a3) Importer(815301076,1909f56bfc062723c751e8b465ee728b)  -> (artifact id: '823ac021b8b5ba473f7880d84e6ff062') in 0.007459 seconds 
  Import took 0.010499 seconds .

========================================================================
Received Prepare
Registering precompiled user dll's ...
Registered in 0.009167 seconds.
Begin MonoManager ReloadAssembly
Native extension for WindowsStandalone target not found
Refreshing native plugins compatible for Editor in 0.39 ms, found 3 plugins.
Preloading 0 native plugins for Editor in 0.00 ms.
Mono: successfully reloaded assembly
- Completed reload, in  1.385 seconds
Domain Reload Profiling:
	ReloadAssembly (1386ms)
		BeginReloadAssembly (161ms)
			ExecutionOrderSort (0ms)
			DisableScriptedObjects (7ms)
			BackupInstance (0ms)
			ReleaseScriptingObjects (0ms)
			CreateAndSetChildDomain (40ms)
		EndReloadAssembly (1134ms)
			LoadAssemblies (167ms)
			RebuildTransferFunctionScriptingTraits (0ms)
			SetupTypeCache (427ms)
			ReleaseScriptCaches (1ms)
			RebuildScriptCaches (62ms)
			SetupLoadedEditorAssemblies (376ms)
				LogAssemblyErrors (0ms)
				InitializePlatformSupportModulesInManaged (7ms)
				SetLoadedEditorAssemblies (1ms)
				RefreshPlugins (0ms)
				BeforeProcessingInitializeOnLoad (94ms)
				ProcessInitializeOnLoadAttributes (263ms)
				ProcessInitializeOnLoadMethodAttributes (5ms)
				AfterProcessingInitializeOnLoad (5ms)
				EditorAssembliesLoaded (0ms)
			ExecutionOrderSort2 (0ms)
			AwakeInstancesAfterBackupRestoration (9ms)
Platform modules already initialized, skipping
Refreshing native plugins compatible for Editor in 0.98 ms, found 3 plugins.
Preloading 0 native plugins for Editor in 0.00 ms.
Unloading 1454 Unused Serialized files (Serialized files now loaded: 0)
System memory in use before: 73.9 MB.
System memory in use after: 74.0 MB.

Unloading 14 unused Assets to reduce memory usage. Loaded Objects now: 1940.
Total: 3.664700 ms (FindLiveObjects: 0.179100 ms CreateObjectMapping: 0.055400 ms MarkObjects: 3.374400 ms  DeleteObjects: 0.054500 ms)

AssetImportParameters requested are different than current active one (requested -> active):
  custom:framework-win-MediaFoundation: 216162199b28c13a410421893ffa2e32 -> 
  custom:video-decoder-ogg-theora: a1e56fd34408186e4bbccfd4996cb3dc -> 
  custom:container-muxer-webm: aa71ff27fc2769a1b78a27578f13a17b -> 
  custom:container-demuxer-webm: 4f35f7cbe854078d1ac9338744f61a02 -> 
  custom:container-demuxer-ogg: 62fdf1f143b41e24485cea50d1cbac27 -> 
  custom:video-encoder-webm-vp8: eb34c28f22e8b96e1ab97ce403110664 -> 
  custom:video-decoder-webm-vp8: 9c59270c3fd7afecdb556c50c9e8de78 -> 
  custom:audio-decoder-ogg-vorbis: bf7c407c2cedff20999df2af8eb42d56 -> 
  custom:audio-encoder-webm-vorbis: bf7c407c2cedff20999df2af8eb42d56 -> 
========================================================================
Received Import Request.
  Time since last request: 457.088581 seconds.
  path: Assets/Scenes/Gameover.unity
  artifactKey: Guid(3976a8721d2784f478eaa97bd29e8b00) Importer(815301076,1909f56bfc062723c751e8b465ee728b)
Start importing Assets/Scenes/Gameover.unity using Guid(3976a8721d2784f478eaa97bd29e8b00) Importer(815301076,1909f56bfc062723c751e8b465ee728b)  -> (artifact id: 'e007d355eaf3d5580b9bcf46f0efb0c7') in 0.021616 seconds 
  Import took 0.025474 seconds .

========================================================================
Received Import Request.
  Time since last request: 1.146028 seconds.
  path: Assets/Scenes/SceneJapan.unity
  artifactKey: Guid(61c6359473cc69b47b097a0020f410ae) Importer(815301076,1909f56bfc062723c751e8b465ee728b)
Start importing Assets/Scenes/SceneJapan.unity using Guid(61c6359473cc69b47b097a0020f410ae) Importer(815301076,1909f56bfc062723c751e8b465ee728b)  -> (artifact id: '767bef804e0f3560f414eb97d01e77e5') in 0.006655 seconds 
  Import took 0.009423 seconds .

========================================================================
Received Import Request.
  Time since last request: 39.215557 seconds.
  path: Assets/Scenes/BossStage.unity
  artifactKey: Guid(3b22654c1cd1d5541899ac506f3f583a) Importer(815301076,1909f56bfc062723c751e8b465ee728b)
Start importing Assets/Scenes/BossStage.unity using Guid(3b22654c1cd1d5541899ac506f3f583a) Importer(815301076,1909f56bfc062723c751e8b465ee728b)  -> (artifact id: '3a97cddd9d631dcf3fb5e5ed0562f606') in 0.008328 seconds 
  Import took 0.012004 seconds .

========================================================================
Received Import Request.
  Time since last request: 1.077840 seconds.
  path: Assets/Scenes/DoubleButtonStage.unity
  artifactKey: Guid(129a29e21e61e6540ab90dac7bbf7470) Importer(815301076,1909f56bfc062723c751e8b465ee728b)
Start importing Assets/Scenes/DoubleButtonStage.unity using Guid(129a29e21e61e6540ab90dac7bbf7470) Importer(815301076,1909f56bfc062723c751e8b465ee728b)  -> (artifact id: '665da7e22e8e3dc7a201b313e2be187a') in 0.007384 seconds 
  Import took 0.010248 seconds .

========================================================================
Received Import Request.
  Time since last request: 11.962369 seconds.
  path: Assets/Scenes/StageGuideScene/joukenhyouji.preset
  artifactKey: Guid(557599158226d5b4e80d858e48e337e4) Importer(815301076,1909f56bfc062723c751e8b465ee728b)
Start importing Assets/Scenes/StageGuideScene/joukenhyouji.preset using Guid(557599158226d5b4e80d858e48e337e4) Importer(815301076,1909f56bfc062723c751e8b465ee728b)  -> (artifact id: 'e07e8ed4a9965f35017623a55f6fcba5') in 0.076022 seconds 
  Import took 0.078923 seconds .

========================================================================
Received Import Request.
  Time since last request: 0.000408 seconds.
  path: Assets/Scenes/StageGuideScene
  artifactKey: Guid(be4e74b3db2cd9149a6f02dd6125d977) Importer(815301076,1909f56bfc062723c751e8b465ee728b)
Start importing Assets/Scenes/StageGuideScene using Guid(be4e74b3db2cd9149a6f02dd6125d977) Importer(815301076,1909f56bfc062723c751e8b465ee728b)  -> (artifact id: '23baecac92ae46823ef7d465c633d8d2') in 0.006648 seconds 
  Import took 0.009330 seconds .

========================================================================
Received Import Request.
  Time since last request: 1.095637 seconds.
  path: Assets/Scenes/StageGuideScene/StageGuide1.unity
  artifactKey: Guid(8db8b200a87900644922723ea5cecd25) Importer(815301076,1909f56bfc062723c751e8b465ee728b)
Start importing Assets/Scenes/StageGuideScene/StageGuide1.unity using Guid(8db8b200a87900644922723ea5cecd25) Importer(815301076,1909f56bfc062723c751e8b465ee728b)  -> (artifact id: '8a1a4dbfcfadee2c7f80e81328ddc86a') in 0.007507 seconds 
  Import took 0.010614 seconds .

========================================================================
Received Import Request.
  Time since last request: 0.588386 seconds.
  path: Assets/Scenes/StageGuideScene/StageGuide2.unity
  artifactKey: Guid(3450c646913097440a629917c90cc88b) Importer(815301076,1909f56bfc062723c751e8b465ee728b)
Start importing Assets/Scenes/StageGuideScene/StageGuide2.unity using Guid(3450c646913097440a629917c90cc88b) Importer(815301076,1909f56bfc062723c751e8b465ee728b)  -> (artifact id: 'fba1d9ab488981c292922b7d4e88a41a') in 0.010476 seconds 
  Import took 0.014236 seconds .

========================================================================
Received Import Request.
  Time since last request: 4.336957 seconds.
  path: Assets/Scenes/StageKago
  artifactKey: Guid(8a4ab3a65e7736d4688bab0f6b2354b6) Importer(815301076,1909f56bfc062723c751e8b465ee728b)
Start importing Assets/Scenes/StageKago using Guid(8a4ab3a65e7736d4688bab0f6b2354b6) Importer(815301076,1909f56bfc062723c751e8b465ee728b)  -> (artifact id: '9ef960d121567a5aa8bc4c9a1921b5b3') in 0.008768 seconds 
  Import took 0.012379 seconds .

========================================================================
Received Import Request.
  Time since last request: 0.160420 seconds.
  path: Assets/Scenes/StageKago/LightingData.asset
  artifactKey: Guid(cc28ee72a7d320c42952842ecf29ddfc) Importer(815301076,1909f56bfc062723c751e8b465ee728b)
Start importing Assets/Scenes/StageKago/LightingData.asset using Guid(cc28ee72a7d320c42952842ecf29ddfc) Importer(815301076,1909f56bfc062723c751e8b465ee728b)  -> (artifact id: '85b7bcac8797421d9d87945d54e7c6ad') in 0.014917 seconds 
  Import took 0.018662 seconds .

========================================================================
Received Import Request.
  Time since last request: 0.000468 seconds.
  path: Assets/Scenes/StageKago/ReflectionProbe-0.exr
  artifactKey: Guid(1781d9b8f6d1fff4ab51537406ef0281) Importer(815301076,1909f56bfc062723c751e8b465ee728b)
Start importing Assets/Scenes/StageKago/ReflectionProbe-0.exr using Guid(1781d9b8f6d1fff4ab51537406ef0281) Importer(815301076,1909f56bfc062723c751e8b465ee728b)  -> (artifact id: '683d1aa429c3582b4853a3980b8c06aa') in 0.306268 seconds 
  Import took 0.310743 seconds .

========================================================================
Received Prepare
Registering precompiled user dll's ...
Registered in 0.009011 seconds.
Begin MonoManager ReloadAssembly
Native extension for WindowsStandalone target not found
Refreshing native plugins compatible for Editor in 0.69 ms, found 3 plugins.
Preloading 0 native plugins for Editor in 0.00 ms.
Mono: successfully reloaded assembly
- Completed reload, in  1.596 seconds
Domain Reload Profiling:
	ReloadAssembly (1597ms)
		BeginReloadAssembly (251ms)
			ExecutionOrderSort (0ms)
			DisableScriptedObjects (6ms)
			BackupInstance (0ms)
			ReleaseScriptingObjects (0ms)
			CreateAndSetChildDomain (45ms)
		EndReloadAssembly (1256ms)
			LoadAssemblies (247ms)
			RebuildTransferFunctionScriptingTraits (0ms)
			SetupTypeCache (401ms)
			ReleaseScriptCaches (1ms)
			RebuildScriptCaches (72ms)
			SetupLoadedEditorAssemblies (497ms)
				LogAssemblyErrors (0ms)
				InitializePlatformSupportModulesInManaged (11ms)
				SetLoadedEditorAssemblies (1ms)
				RefreshPlugins (1ms)
				BeforeProcessingInitializeOnLoad (156ms)
				ProcessInitializeOnLoadAttributes (316ms)
				ProcessInitializeOnLoadMethodAttributes (5ms)
				AfterProcessingInitializeOnLoad (5ms)
				EditorAssembliesLoaded (0ms)
			ExecutionOrderSort2 (0ms)
			AwakeInstancesAfterBackupRestoration (11ms)
Platform modules already initialized, skipping
Refreshing native plugins compatible for Editor in 0.41 ms, found 3 plugins.
Preloading 0 native plugins for Editor in 0.00 ms.
Unloading 1454 Unused Serialized files (Serialized files now loaded: 0)
System memory in use before: 74.1 MB.
System memory in use after: 74.2 MB.

Unloading 14 unused Assets to reduce memory usage. Loaded Objects now: 1945.
Total: 4.925200 ms (FindLiveObjects: 0.261300 ms CreateObjectMapping: 0.067100 ms MarkObjects: 4.569500 ms  DeleteObjects: 0.025800 ms)

AssetImportParameters requested are different than current active one (requested -> active):
  custom:framework-win-MediaFoundation: 216162199b28c13a410421893ffa2e32 -> 
  custom:video-decoder-ogg-theora: a1e56fd34408186e4bbccfd4996cb3dc -> 
  custom:container-muxer-webm: aa71ff27fc2769a1b78a27578f13a17b -> 
  custom:container-demuxer-webm: 4f35f7cbe854078d1ac9338744f61a02 -> 
  custom:container-demuxer-ogg: 62fdf1f143b41e24485cea50d1cbac27 -> 
  custom:video-encoder-webm-vp8: eb34c28f22e8b96e1ab97ce403110664 -> 
  custom:video-decoder-webm-vp8: 9c59270c3fd7afecdb556c50c9e8de78 -> 
  custom:audio-decoder-ogg-vorbis: bf7c407c2cedff20999df2af8eb42d56 -> 
  custom:audio-encoder-webm-vorbis: bf7c407c2cedff20999df2af8eb42d56 -> 
========================================================================
Received Import Request.
  Time since last request: 420.175389 seconds.
  path: Assets/Scenes/SceneJapan
  artifactKey: Guid(a5d2c3fecb9ffd5488ca09094c4620d5) Importer(815301076,1909f56bfc062723c751e8b465ee728b)
Start importing Assets/Scenes/SceneJapan using Guid(a5d2c3fecb9ffd5488ca09094c4620d5) Importer(815301076,1909f56bfc062723c751e8b465ee728b)  -> (artifact id: '57bd2b12f4a8fbc1fa5be0499a49cd1a') in 0.012657 seconds 
  Import took 0.016664 seconds .

========================================================================
Received Import Request.
  Time since last request: 0.049943 seconds.
  path: Assets/Scenes/SceneJapan/LightingData.asset
  artifactKey: Guid(c1f22163faf5e114ab7aaa16bc888384) Importer(815301076,1909f56bfc062723c751e8b465ee728b)
Start importing Assets/Scenes/SceneJapan/LightingData.asset using Guid(c1f22163faf5e114ab7aaa16bc888384) Importer(815301076,1909f56bfc062723c751e8b465ee728b)  -> (artifact id: 'c4bad1813046477035d5362bd8e2d9c3') in 0.018935 seconds 
  Import took 0.021965 seconds .

========================================================================
Received Import Request.
  Time since last request: 0.000426 seconds.
  path: Assets/Scenes/SceneJapan/NavMesh.asset
  artifactKey: Guid(a2602a80a43cbc648b5caba649c1aa29) Importer(815301076,1909f56bfc062723c751e8b465ee728b)
Start importing Assets/Scenes/SceneJapan/NavMesh.asset using Guid(a2602a80a43cbc648b5caba649c1aa29) Importer(815301076,1909f56bfc062723c751e8b465ee728b)  -> (artifact id: '27a40b409f83f31fc225e8e199516bf2') in 0.008044 seconds 
  Import took 0.011218 seconds .

========================================================================
Received Import Request.
  Time since last request: 0.000400 seconds.
  path: Assets/Scenes/SceneJapan/ReflectionProbe-0.exr
  artifactKey: Guid(97f72c412370c934c86b23d5ee387a22) Importer(815301076,1909f56bfc062723c751e8b465ee728b)
Start importing Assets/Scenes/SceneJapan/ReflectionProbe-0.exr using Guid(97f72c412370c934c86b23d5ee387a22) Importer(815301076,1909f56bfc062723c751e8b465ee728b)  -> (artifact id: '389537c973f2401b684337f930375db1') in 0.069036 seconds 
  Import took 0.071722 seconds .

========================================================================
Received Import Request.
  Time since last request: 1.293880 seconds.
  path: Assets/Scenes/ScenePoint
  artifactKey: Guid(86f404c0e7387a0438ede562d2a5b9ff) Importer(815301076,1909f56bfc062723c751e8b465ee728b)
Start importing Assets/Scenes/ScenePoint using Guid(86f404c0e7387a0438ede562d2a5b9ff) Importer(815301076,1909f56bfc062723c751e8b465ee728b)  -> (artifact id: '6afcab740ca61ef2c982fa4ce38488a2') in 0.008617 seconds 
  Import took 0.012825 seconds .

========================================================================
Received Import Request.
  Time since last request: 0.052184 seconds.
  path: Assets/Scenes/ScenePoint/NavMesh.asset
  artifactKey: Guid(5e2cbef1680467e498e3568d21c3f8ad) Importer(815301076,1909f56bfc062723c751e8b465ee728b)
Start importing Assets/Scenes/ScenePoint/NavMesh.asset using Guid(5e2cbef1680467e498e3568d21c3f8ad) Importer(815301076,1909f56bfc062723c751e8b465ee728b)  -> (artifact id: '575a4a70167eb9c5c3cf9a825fcfe2b6') in 0.009983 seconds 
  Import took 0.014496 seconds .

========================================================================
Received Import Request.
  Time since last request: 1.790482 seconds.
  path: Assets/Scenes/ScenePoint2
  artifactKey: Guid(c858642a5575ae14580ecb3f373c8719) Importer(815301076,1909f56bfc062723c751e8b465ee728b)
Start importing Assets/Scenes/ScenePoint2 using Guid(c858642a5575ae14580ecb3f373c8719) Importer(815301076,1909f56bfc062723c751e8b465ee728b)  -> (artifact id: 'b6dbc599d677480e09bae6e2a373173d') in 0.015263 seconds 
  Import took 0.020962 seconds .

========================================================================
Received Import Request.
  Time since last request: 0.038433 seconds.
  path: Assets/Scenes/ScenePoint2/NavMesh.asset
  artifactKey: Guid(7b61e356a5b92e24197a080797465703) Importer(815301076,1909f56bfc062723c751e8b465ee728b)
Start importing Assets/Scenes/ScenePoint2/NavMesh.asset using Guid(7b61e356a5b92e24197a080797465703) Importer(815301076,1909f56bfc062723c751e8b465ee728b)  -> (artifact id: '19b491e347beb4327e11f7d3a94ce271') in 0.015460 seconds 
  Import took 0.021146 seconds .

========================================================================
Received Import Request.
  Time since last request: 5.313036 seconds.
  path: Assets/Scenes/SceneResult/ResultSceneNotRand.unity
  artifactKey: Guid(806ab5d88ba8dd34d981388b253ec3d1) Importer(815301076,1909f56bfc062723c751e8b465ee728b)
Start importing Assets/Scenes/SceneResult/ResultSceneNotRand.unity using Guid(806ab5d88ba8dd34d981388b253ec3d1) Importer(815301076,1909f56bfc062723c751e8b465ee728b)  -> (artifact id: 'e923270c91e0e5de68d4621e7285a9b5') in 0.007609 seconds 
  Import took 0.010684 seconds .

========================================================================
Received Import Request.
  Time since last request: 0.538767 seconds.
  path: Assets/Scenes/SceneResult/ResultScene.unity
  artifactKey: Guid(b562e1162d162294994d4c50f27e23e8) Importer(815301076,1909f56bfc062723c751e8b465ee728b)
Start importing Assets/Scenes/SceneResult/ResultScene.unity using Guid(b562e1162d162294994d4c50f27e23e8) Importer(815301076,1909f56bfc062723c751e8b465ee728b)  -> (artifact id: 'e4343d673e5279fe66447d4cd9dffc40') in 0.008885 seconds 
  Import took 0.014577 seconds .

========================================================================
Received Prepare
Registering precompiled user dll's ...
Registered in 0.008972 seconds.
Begin MonoManager ReloadAssembly
Native extension for WindowsStandalone target not found
Refreshing native plugins compatible for Editor in 0.40 ms, found 3 plugins.
Preloading 0 native plugins for Editor in 0.00 ms.
Mono: successfully reloaded assembly
- Completed reload, in  1.389 seconds
Domain Reload Profiling:
	ReloadAssembly (1390ms)
		BeginReloadAssembly (175ms)
			ExecutionOrderSort (0ms)
			DisableScriptedObjects (6ms)
			BackupInstance (0ms)
			ReleaseScriptingObjects (0ms)
			CreateAndSetChildDomain (44ms)
		EndReloadAssembly (1098ms)
			LoadAssemblies (170ms)
			RebuildTransferFunctionScriptingTraits (0ms)
			SetupTypeCache (365ms)
			ReleaseScriptCaches (1ms)
			RebuildScriptCaches (66ms)
			SetupLoadedEditorAssemblies (394ms)
				LogAssemblyErrors (0ms)
				InitializePlatformSupportModulesInManaged (11ms)
				SetLoadedEditorAssemblies (1ms)
				RefreshPlugins (0ms)
				BeforeProcessingInitializeOnLoad (95ms)
				ProcessInitializeOnLoadAttributes (277ms)
				ProcessInitializeOnLoadMethodAttributes (5ms)
				AfterProcessingInitializeOnLoad (5ms)
				EditorAssembliesLoaded (0ms)
			ExecutionOrderSort2 (0ms)
			AwakeInstancesAfterBackupRestoration (9ms)
Platform modules already initialized, skipping
Refreshing native plugins compatible for Editor in 0.43 ms, found 3 plugins.
Preloading 0 native plugins for Editor in 0.00 ms.
Unloading 1454 Unused Serialized files (Serialized files now loaded: 0)
System memory in use before: 74.1 MB.
System memory in use after: 74.2 MB.

Unloading 14 unused Assets to reduce memory usage. Loaded Objects now: 1948.
Total: 3.399700 ms (FindLiveObjects: 0.169300 ms CreateObjectMapping: 0.052200 ms MarkObjects: 3.154800 ms  DeleteObjects: 0.022100 ms)

AssetImportParameters requested are different than current active one (requested -> active):
  custom:framework-win-MediaFoundation: 216162199b28c13a410421893ffa2e32 -> 
  custom:video-decoder-ogg-theora: a1e56fd34408186e4bbccfd4996cb3dc -> 
  custom:container-muxer-webm: aa71ff27fc2769a1b78a27578f13a17b -> 
  custom:container-demuxer-webm: 4f35f7cbe854078d1ac9338744f61a02 -> 
  custom:container-demuxer-ogg: 62fdf1f143b41e24485cea50d1cbac27 -> 
  custom:video-encoder-webm-vp8: eb34c28f22e8b96e1ab97ce403110664 -> 
  custom:video-decoder-webm-vp8: 9c59270c3fd7afecdb556c50c9e8de78 -> 
  custom:audio-decoder-ogg-vorbis: bf7c407c2cedff20999df2af8eb42d56 -> 
  custom:audio-encoder-webm-vorbis: bf7c407c2cedff20999df2af8eb42d56 -> 
AssetImportWorkerClient::OnTransportError - code=2 error=End of file
